<!DOCTYPE html PUBLIC "-//W3C//DTD XHTML 1.1//EN" "https://www.w3.org/TR/xhtml11/DTD/xhtml11.dtd">
<html xmlns="https://www.w3.org/1999/xhtml">
<head>
<meta http-equiv="content-type" content="text/html; charset=UTF-8"/>
<title>TestNG Report</title>
<style type="text/css">table {margin-bottom:10px;border-collapse:collapse;empty-cells:show}th,td {border:1px solid #009;padding:.25em .5em}th {vertical-align:bottom}td {vertical-align:top}table a {font-weight:bold}.stripe td {background-color: #E6EBF9}.num {text-align:right}.passedodd td {background-color: #3F3}.passedeven td {background-color: #0A0}.skippedodd td {background-color: #DDD}.skippedeven td {background-color: #CCC}.failedodd td,.attn {background-color: #F33}.failedeven td,.stripe .attn {background-color: #D00}.stacktrace {white-space:pre;font-family:monospace}.totop {font-size:85%;text-align:center;border-bottom:2px solid #000}.invisible {display:none}</style>
</head>
<body>
<table>
<tr><th>Test</th><th># Passed</th><th># Skipped</th><th># Retried</th><th># Failed</th><th>Time (ms)</th><th>Included Groups</th><th>Excluded Groups</th></tr>
<tr><th colspan="8">XYZ Bank Automated Tests</th></tr>
<tr><td><a href="#t0">End-to-end regression tests</a></td><td class="num">7</td><td class="num">0</td><td class="num">0</td><td class="num attn">1</td><td class="num">26,607</td><td></td><td></td></tr>
</table>
<table id='summary'><thead><tr><th>Class</th><th>Method</th><th>Start</th><th>Time (ms)</th></tr></thead><tbody><tr><th colspan="4">XYZ Bank Automated Tests</th></tr></tbody><tbody id="t0"><tr><th colspan="4">End-to-end regression tests &#8212; failed</th></tr><tr class="failedeven"><td rowspan="1">com.automation.xyzbank.tests.customer.Story06TransactionsTable</td><td><a href="#m0">tc01_verifyDepositTransaction</a></td><td rowspan="1">1673703557530</td><td rowspan="1">10230</td></tr><tr><th colspan="4">End-to-end regression tests &#8212; passed</th></tr><tr class="passedeven"><td rowspan="1">com.automation.xyzbank.tests.bankmanager.Story01AddCustomer</td><td><a href="#m1">tc01_addCustomerOne</a></td><td rowspan="1">1673703541922</td><td rowspan="1">3526</td></tr><tr class="passedodd"><td rowspan="1">com.automation.xyzbank.tests.bankmanager.Story02OpenAccount</td><td><a href="#m2">tc01_openBankAccount</a></td><td rowspan="1">1673703546211</td><td rowspan="1">3535</td></tr><tr class="passedeven"><td rowspan="1">com.automation.xyzbank.tests.bankmanager.Story03FindCustomer</td><td><a href="#m3">tc01_findCreatedCustomer</a></td><td rowspan="1">1673703549894</td><td rowspan="1">1472</td></tr><tr class="passedodd"><td rowspan="1">com.automation.xyzbank.tests.customer.Story04LoginAsCustomer</td><td><a href="#m4">tc01_loginAsCustomer</a></td><td rowspan="1">1673703551369</td><td rowspan="1">2851</td></tr><tr class="passedeven"><td rowspan="2">com.automation.xyzbank.tests.customer.Story05CustomerOperations</td><td><a href="#m5">tc01_depositMoney</a></td><td rowspan="1">1673703554244</td><td rowspan="1">2003</td></tr><tr class="passedeven"><td><a href="#m6">tc02_withdrawMoney</a></td><td rowspan="1">1673703556250</td><td rowspan="1">1276</td></tr><tr class="passedodd"><td rowspan="1">com.automation.xyzbank.tests.customer.Story06TransactionsTable</td><td><a href="#m7">tc02_resetBalance</a></td><td rowspan="1">1673703567817</td><td rowspan="1">439</td></tr></tbody>
</table>
<h2>End-to-end regression tests</h2><h3 id="m0">com.automation.xyzbank.tests.customer.Story06TransactionsTable#tc01_verifyDepositTransaction</h3><table class="result"><tr><th>Exception</th></tr><tr><td><div class="stacktrace">org.openqa.selenium.TimeoutException: Expected condition failed: waiting for visibility of Proxy element for: DefaultElementLocator &apos;By.cssSelector: tr[id=&apos;anchor0&apos;] :nth-child(2)&apos; (tried for 10 second(s) with 500 milliseconds interval)
	at org.openqa.selenium.support.ui.WebDriverWait.timeoutException(WebDriverWait.java:87)
	at org.openqa.selenium.support.ui.FluentWait.until(FluentWait.java:231)
	at com.automation.framework.xyzbank.tools.AdjustedInteractions.wait(AdjustedInteractions.java:72)
	at com.automation.framework.xyzbank.customerpages.mainpage.transactionspage.TransactionsPage.verifyTransactionAmount(TransactionsPage.java:40)
	at com.automation.xyzbank.tests.customer.Story06TransactionsTable.tc01_verifyDepositTransaction(Story06TransactionsTable.java:13)
	at java.base/java.util.ArrayList.forEach(ArrayList.java:1541)
Caused by: org.openqa.selenium.NoSuchElementException: no such element: Unable to locate element: {&quot;method&quot;:&quot;css selector&quot;,&quot;selector&quot;:&quot;tr[id=&apos;anchor0&apos;] :nth-child(2)&quot;}
  (Session info: chrome=108.0.5359.125)
For documentation on this error, please visit: https://selenium.dev/exceptions/#no_such_element
Build info: version: &apos;4.6.0&apos;, revision: &apos;79f1c02ae20&apos;
System info: os.name: &apos;Windows 10&apos;, os.arch: &apos;amd64&apos;, os.version: &apos;10.0&apos;, java.version: &apos;11.0.16.1&apos;
Driver info: org.openqa.selenium.chrome.ChromeDriver
Command: [f15e43a3a3a608fbd853f4c9ff7c180f, findElement {using=css selector, value=tr[id=&apos;anchor0&apos;] :nth-child(2)}]
Capabilities {acceptInsecureCerts: false, browserName: chrome, browserVersion: 108.0.5359.125, chrome: {chromedriverVersion: 108.0.5359.71 (1e0e3868ee06..., userDataDir: C:\Users\YURII~1.DRA\AppDat...}, goog:chromeOptions: {debuggerAddress: localhost:54755}, networkConnectionEnabled: false, pageLoadStrategy: normal, platformName: WINDOWS, proxy: Proxy(), se:cdp: ws://localhost:54755/devtoo..., se:cdpVersion: 108.0.5359.125, setWindowRect: true, strictFileInteractability: false, timeouts: {implicit: 0, pageLoad: 300000, script: 30000}, unhandledPromptBehavior: dismiss and notify, webauthn:extension:credBlob: true, webauthn:extension:largeBlob: true, webauthn:virtualAuthenticators: true}
Session ID: f15e43a3a3a608fbd853f4c9ff7c180f
	at org.openqa.selenium.remote.codec.w3c.W3CHttpResponseCodec.createException(W3CHttpResponseCodec.java:200)
	at org.openqa.selenium.remote.codec.w3c.W3CHttpResponseCodec.decode(W3CHttpResponseCodec.java:133)
	at org.openqa.selenium.remote.codec.w3c.W3CHttpResponseCodec.decode(W3CHttpResponseCodec.java:53)
	at org.openqa.selenium.remote.HttpCommandExecutor.execute(HttpCommandExecutor.java:184)
	at org.openqa.selenium.remote.service.DriverCommandExecutor.invokeExecute(DriverCommandExecutor.java:167)
	at org.openqa.selenium.remote.service.DriverCommandExecutor.execute(DriverCommandExecutor.java:142)
	at org.openqa.selenium.remote.RemoteWebDriver.execute(RemoteWebDriver.java:541)
	at org.openqa.selenium.remote.ElementLocation$ElementFinder$2.findElement(ElementLocation.java:162)
	at org.openqa.selenium.remote.ElementLocation.findElement(ElementLocation.java:60)
	at org.openqa.selenium.remote.RemoteWebDriver.findElement(RemoteWebDriver.java:365)
	at org.openqa.selenium.remote.RemoteWebDriver.findElement(RemoteWebDriver.java:357)
	at org.openqa.selenium.support.pagefactory.DefaultElementLocator.findElement(DefaultElementLocator.java:70)
	at org.openqa.selenium.support.pagefactory.internal.LocatingElementHandler.invoke(LocatingElementHandler.java:39)
	at com.sun.proxy.$Proxy30.isDisplayed(Unknown Source)
	at org.openqa.selenium.support.ui.ExpectedConditions.elementIfVisible(ExpectedConditions.java:307)
	at org.openqa.selenium.support.ui.ExpectedConditions.access$000(ExpectedConditions.java:40)
	at org.openqa.selenium.support.ui.ExpectedConditions$10.apply(ExpectedConditions.java:293)
	at org.openqa.selenium.support.ui.ExpectedConditions$10.apply(ExpectedConditions.java:290)
	at org.openqa.selenium.support.ui.FluentWait.until(FluentWait.java:208)
	... 34 more
... Removed 33 stack frames</div></td></tr></table><p class="totop"><a href="#summary">back to summary</a></p>
<h3 id="m1">com.automation.xyzbank.tests.bankmanager.Story01AddCustomer#tc01_addCustomerOne</h3><table class="result"><tr><th class="invisible"/></tr></table><p class="totop"><a href="#summary">back to summary</a></p>
<h3 id="m2">com.automation.xyzbank.tests.bankmanager.Story02OpenAccount#tc01_openBankAccount</h3><table class="result"><tr><th class="invisible"/></tr></table><p class="totop"><a href="#summary">back to summary</a></p>
<h3 id="m3">com.automation.xyzbank.tests.bankmanager.Story03FindCustomer#tc01_findCreatedCustomer</h3><table class="result"><tr><th class="invisible"/></tr></table><p class="totop"><a href="#summary">back to summary</a></p>
<h3 id="m4">com.automation.xyzbank.tests.customer.Story04LoginAsCustomer#tc01_loginAsCustomer</h3><table class="result"><tr><th class="invisible"/></tr></table><p class="totop"><a href="#summary">back to summary</a></p>
<h3 id="m5">com.automation.xyzbank.tests.customer.Story05CustomerOperations#tc01_depositMoney</h3><table class="result"><tr><th class="invisible"/></tr></table><p class="totop"><a href="#summary">back to summary</a></p>
<h3 id="m6">com.automation.xyzbank.tests.customer.Story05CustomerOperations#tc02_withdrawMoney</h3><table class="result"><tr><th class="invisible"/></tr></table><p class="totop"><a href="#summary">back to summary</a></p>
<h3 id="m7">com.automation.xyzbank.tests.customer.Story06TransactionsTable#tc02_resetBalance</h3><table class="result"><tr><th class="invisible"/></tr></table><p class="totop"><a href="#summary">back to summary</a></p>
</body>
</html>
