<?xml version="1.0" encoding="UTF-8"?>
<testng-results ignored="10" total="18" passed="7" failed="1" skipped="0">
  <reporter-output>
  </reporter-output>
  <suite started-at="2023-01-14T15:39:01 EET" name="XYZ Bank Automated Tests" finished-at="2023-01-14T15:39:28 EET" duration-ms="26607">
    <groups>
    </groups>
    <test started-at="2023-01-14T15:39:01 EET" name="End-to-end regression tests" finished-at="2023-01-14T15:39:28 EET" duration-ms="26607">
      <class name="com.automation.xyzbank.tests.bankmanager.Story03FindCustomer">
        <test-method signature="tc01_findCreatedCustomer()[pri:0, instance:com.automation.xyzbank.tests.bankmanager.Story03FindCustomer@795fd838]" started-at="2023-01-14T15:39:09 EET" name="tc01_findCreatedCustomer" description="Verify that new customer was created by finding him in the &#039;Customers&#039; table" finished-at="2023-01-14T15:39:11 EET" duration-ms="1472" status="PASS">
          <reporter-output>
          </reporter-output>
        </test-method> <!-- tc01_findCreatedCustomer -->
      </class> <!-- com.automation.xyzbank.tests.bankmanager.Story03FindCustomer -->
      <class name="com.automation.xyzbank.tests.customer.Story06TransactionsTable">
        <test-method signature="tc01_verifyDepositTransaction()[pri:0, instance:com.automation.xyzbank.tests.customer.Story06TransactionsTable@42e22a53]" started-at="2023-01-14T15:39:17 EET" name="tc01_verifyDepositTransaction" description="Verify that the transaction from the previous tests exists in the &#039;Transactions&#039; table" finished-at="2023-01-14T15:39:27 EET" duration-ms="10230" status="FAIL">
          <exception class="org.openqa.selenium.TimeoutException">
            <message>
              <![CDATA[Expected condition failed: waiting for visibility of Proxy element for: DefaultElementLocator 'By.cssSelector: tr[id='anchor0'] :nth-child(2)' (tried for 10 second(s) with 500 milliseconds interval)]]>
            </message>
            <full-stacktrace>
              <![CDATA[org.openqa.selenium.TimeoutException: Expected condition failed: waiting for visibility of Proxy element for: DefaultElementLocator 'By.cssSelector: tr[id='anchor0'] :nth-child(2)' (tried for 10 second(s) with 500 milliseconds interval)
at org.openqa.selenium.support.ui.WebDriverWait.timeoutException(WebDriverWait.java:87)
at org.openqa.selenium.support.ui.FluentWait.until(FluentWait.java:231)
at com.automation.framework.xyzbank.tools.AdjustedInteractions.wait(AdjustedInteractions.java:72)
at com.automation.framework.xyzbank.customerpages.mainpage.transactionspage.TransactionsPage.verifyTransactionAmount(TransactionsPage.java:40)
at com.automation.xyzbank.tests.customer.Story06TransactionsTable.tc01_verifyDepositTransaction(Story06TransactionsTable.java:13)
at java.base/jdk.internal.reflect.NativeMethodAccessorImpl.invoke0(Native Method)
at java.base/jdk.internal.reflect.NativeMethodAccessorImpl.invoke(NativeMethodAccessorImpl.java:62)
at java.base/jdk.internal.reflect.DelegatingMethodAccessorImpl.invoke(DelegatingMethodAccessorImpl.java:43)
at java.base/java.lang.reflect.Method.invoke(Method.java:566)
at org.testng.internal.MethodInvocationHelper.invokeMethod(MethodInvocationHelper.java:133)
at org.testng.internal.TestInvoker.invokeMethod(TestInvoker.java:598)
at org.testng.internal.TestInvoker.invokeTestMethod(TestInvoker.java:173)
at org.testng.internal.MethodRunner.runInSequence(MethodRunner.java:46)
at org.testng.internal.TestInvoker$MethodInvocationAgent.invoke(TestInvoker.java:824)
at org.testng.internal.TestInvoker.invokeTestMethods(TestInvoker.java:146)
at org.testng.internal.TestMethodWorker.invokeTestMethods(TestMethodWorker.java:146)
at org.testng.internal.TestMethodWorker.run(TestMethodWorker.java:128)
at java.base/java.util.ArrayList.forEach(ArrayList.java:1541)
at org.testng.TestRunner.privateRun(TestRunner.java:794)
at org.testng.TestRunner.run(TestRunner.java:596)
at org.testng.SuiteRunner.runTest(SuiteRunner.java:377)
at org.testng.SuiteRunner.runSequentially(SuiteRunner.java:371)
at org.testng.SuiteRunner.privateRun(SuiteRunner.java:332)
at org.testng.SuiteRunner.run(SuiteRunner.java:276)
at org.testng.SuiteRunnerWorker.runSuite(SuiteRunnerWorker.java:53)
at org.testng.SuiteRunnerWorker.run(SuiteRunnerWorker.java:96)
at org.testng.TestNG.runSuitesSequentially(TestNG.java:1212)
at org.testng.TestNG.runSuitesLocally(TestNG.java:1134)
at org.testng.TestNG.runSuites(TestNG.java:1063)
at org.testng.TestNG.run(TestNG.java:1031)
at org.apache.maven.surefire.testng.TestNGExecutor.run(TestNGExecutor.java:283)
at org.apache.maven.surefire.testng.TestNGXmlTestSuite.execute(TestNGXmlTestSuite.java:75)
at org.apache.maven.surefire.testng.TestNGProvider.invoke(TestNGProvider.java:120)
at org.apache.maven.surefire.booter.ForkedBooter.invokeProviderInSameClassLoader(ForkedBooter.java:386)
at org.apache.maven.surefire.booter.ForkedBooter.runSuitesInProcess(ForkedBooter.java:323)
at org.apache.maven.surefire.booter.ForkedBooter.main(ForkedBooter.java:143)
Caused by: org.openqa.selenium.NoSuchElementException: no such element: Unable to locate element: {"method":"css selector","selector":"tr[id='anchor0'] :nth-child(2)"}
  (Session info: chrome=108.0.5359.125)
For documentation on this error, please visit: https://selenium.dev/exceptions/#no_such_element
Build info: version: '4.6.0', revision: '79f1c02ae20'
System info: os.name: 'Windows 10', os.arch: 'amd64', os.version: '10.0', java.version: '11.0.16.1'
Driver info: org.openqa.selenium.chrome.ChromeDriver
Command: [f15e43a3a3a608fbd853f4c9ff7c180f, findElement {using=css selector, value=tr[id='anchor0'] :nth-child(2)}]
Capabilities {acceptInsecureCerts: false, browserName: chrome, browserVersion: 108.0.5359.125, chrome: {chromedriverVersion: 108.0.5359.71 (1e0e3868ee06..., userDataDir: C:\Users\YURII~1.DRA\AppDat...}, goog:chromeOptions: {debuggerAddress: localhost:54755}, networkConnectionEnabled: false, pageLoadStrategy: normal, platformName: WINDOWS, proxy: Proxy(), se:cdp: ws://localhost:54755/devtoo..., se:cdpVersion: 108.0.5359.125, setWindowRect: true, strictFileInteractability: false, timeouts: {implicit: 0, pageLoad: 300000, script: 30000}, unhandledPromptBehavior: dismiss and notify, webauthn:extension:credBlob: true, webauthn:extension:largeBlob: true, webauthn:virtualAuthenticators: true}
Session ID: f15e43a3a3a608fbd853f4c9ff7c180f
at jdk.internal.reflect.GeneratedConstructorAccessor23.newInstance(Unknown Source)
at java.base/jdk.internal.reflect.DelegatingConstructorAccessorImpl.newInstance(DelegatingConstructorAccessorImpl.java:45)
at java.base/java.lang.reflect.Constructor.newInstance(Constructor.java:490)
at org.openqa.selenium.remote.codec.w3c.W3CHttpResponseCodec.createException(W3CHttpResponseCodec.java:200)
at org.openqa.selenium.remote.codec.w3c.W3CHttpResponseCodec.decode(W3CHttpResponseCodec.java:133)
at org.openqa.selenium.remote.codec.w3c.W3CHttpResponseCodec.decode(W3CHttpResponseCodec.java:53)
at org.openqa.selenium.remote.HttpCommandExecutor.execute(HttpCommandExecutor.java:184)
at org.openqa.selenium.remote.service.DriverCommandExecutor.invokeExecute(DriverCommandExecutor.java:167)
at org.openqa.selenium.remote.service.DriverCommandExecutor.execute(DriverCommandExecutor.java:142)
at org.openqa.selenium.remote.RemoteWebDriver.execute(RemoteWebDriver.java:541)
at org.openqa.selenium.remote.ElementLocation$ElementFinder$2.findElement(ElementLocation.java:162)
at org.openqa.selenium.remote.ElementLocation.findElement(ElementLocation.java:60)
at org.openqa.selenium.remote.RemoteWebDriver.findElement(RemoteWebDriver.java:365)
at org.openqa.selenium.remote.RemoteWebDriver.findElement(RemoteWebDriver.java:357)
at org.openqa.selenium.support.pagefactory.DefaultElementLocator.findElement(DefaultElementLocator.java:70)
at org.openqa.selenium.support.pagefactory.internal.LocatingElementHandler.invoke(LocatingElementHandler.java:39)
at com.sun.proxy.$Proxy30.isDisplayed(Unknown Source)
at org.openqa.selenium.support.ui.ExpectedConditions.elementIfVisible(ExpectedConditions.java:307)
at org.openqa.selenium.support.ui.ExpectedConditions.access$000(ExpectedConditions.java:40)
at org.openqa.selenium.support.ui.ExpectedConditions$10.apply(ExpectedConditions.java:293)
at org.openqa.selenium.support.ui.ExpectedConditions$10.apply(ExpectedConditions.java:290)
at org.openqa.selenium.support.ui.FluentWait.until(FluentWait.java:208)
... 34 more
]]>
            </full-stacktrace>
          </exception> <!-- org.openqa.selenium.TimeoutException -->
          <reporter-output>
          </reporter-output>
        </test-method> <!-- tc01_verifyDepositTransaction -->
        <test-method signature="tc02_resetBalance()[pri:0, instance:com.automation.xyzbank.tests.customer.Story06TransactionsTable@42e22a53]" started-at="2023-01-14T15:39:27 EET" name="tc02_resetBalance" description="Verify that after clicking the &#039;Reset&#039; button the balance = 0" finished-at="2023-01-14T15:39:28 EET" duration-ms="439" status="PASS">
          <reporter-output>
          </reporter-output>
        </test-method> <!-- tc02_resetBalance -->
      </class> <!-- com.automation.xyzbank.tests.customer.Story06TransactionsTable -->
      <class name="com.automation.xyzbank.tests.customer.Story04LoginAsCustomer">
        <test-method signature="tc01_loginAsCustomer()[pri:0, instance:com.automation.xyzbank.tests.customer.Story04LoginAsCustomer@1b005a0b]" started-at="2023-01-14T15:39:11 EET" name="tc01_loginAsCustomer" description="Login as customer with the created customer credentials" finished-at="2023-01-14T15:39:14 EET" duration-ms="2851" status="PASS">
          <reporter-output>
          </reporter-output>
        </test-method> <!-- tc01_loginAsCustomer -->
      </class> <!-- com.automation.xyzbank.tests.customer.Story04LoginAsCustomer -->
      <class name="com.automation.xyzbank.tests.customer.Story05CustomerOperations">
        <test-method signature="tc01_depositMoney()[pri:0, instance:com.automation.xyzbank.tests.customer.Story05CustomerOperations@141e879d]" started-at="2023-01-14T15:39:14 EET" name="tc01_depositMoney" description="Deposit money to the customers bank account" finished-at="2023-01-14T15:39:16 EET" duration-ms="2003" status="PASS">
          <reporter-output>
          </reporter-output>
        </test-method> <!-- tc01_depositMoney -->
        <test-method signature="tc02_withdrawMoney()[pri:0, instance:com.automation.xyzbank.tests.customer.Story05CustomerOperations@141e879d]" started-at="2023-01-14T15:39:16 EET" name="tc02_withdrawMoney" description="Withdraw money from the customers bank account" finished-at="2023-01-14T15:39:17 EET" duration-ms="1276" status="PASS">
          <reporter-output>
          </reporter-output>
        </test-method> <!-- tc02_withdrawMoney -->
      </class> <!-- com.automation.xyzbank.tests.customer.Story05CustomerOperations -->
      <class name="com.automation.xyzbank.tests.bankmanager.Story01AddCustomer">
        <test-method is-config="true" signature="prepareTestSuite()[pri:0, instance:com.automation.xyzbank.tests.bankmanager.Story01AddCustomer@646811d6]" started-at="2023-01-14T15:38:42 EET" name="prepareTestSuite" finished-at="2023-01-14T15:39:01 EET" duration-ms="19562" status="PASS">
          <reporter-output>
          </reporter-output>
        </test-method> <!-- prepareTestSuite -->
        <test-method signature="tc01_addCustomerOne()[pri:0, instance:com.automation.xyzbank.tests.bankmanager.Story01AddCustomer@646811d6]" started-at="2023-01-14T15:39:01 EET" name="tc01_addCustomerOne" description="Add the customer by the bank manager" finished-at="2023-01-14T15:39:05 EET" duration-ms="3526" status="PASS">
          <reporter-output>
          </reporter-output>
        </test-method> <!-- tc01_addCustomerOne -->
        <test-method is-config="true" signature="terminateDriver()[pri:0, instance:com.automation.xyzbank.tests.bankmanager.Story01AddCustomer@646811d6]" started-at="2023-01-14T15:39:28 EET" name="terminateDriver" finished-at="2023-01-14T15:39:33 EET" duration-ms="4988" status="PASS">
          <reporter-output>
          </reporter-output>
        </test-method> <!-- terminateDriver -->
      </class> <!-- com.automation.xyzbank.tests.bankmanager.Story01AddCustomer -->
      <class name="com.automation.xyzbank.tests.bankmanager.Story02OpenAccount">
        <test-method signature="tc01_openBankAccount()[pri:0, instance:com.automation.xyzbank.tests.bankmanager.Story02OpenAccount@178270b2]" started-at="2023-01-14T15:39:06 EET" name="tc01_openBankAccount" description="Open the bank account in dollar for the created customer" finished-at="2023-01-14T15:39:09 EET" duration-ms="3535" status="PASS">
          <reporter-output>
          </reporter-output>
        </test-method> <!-- tc01_openBankAccount -->
      </class> <!-- com.automation.xyzbank.tests.bankmanager.Story02OpenAccount -->
    </test> <!-- End-to-end regression tests -->
  </suite> <!-- XYZ Bank Automated Tests -->
</testng-results>
